<?xml version="1.0" encoding="UTF-8"?>
<testsuite xmlns:xsi="http://www.w3.org/2001/XMLSchema-instance" xsi:noNamespaceSchemaLocation="https://maven.apache.org/surefire/maven-surefire-plugin/xsd/surefire-test-report.xsd" name="com.keeplearning.springboot02mybatis.mapper.UserMapperTest" time="0.175" tests="6" errors="0" skipped="0" failures="0">
  <properties>
    <property name="java.specification.version" value="17"/>
    <property name="sun.cpu.isalist" value="amd64"/>
    <property name="sun.jnu.encoding" value="GBK"/>
    <property name="java.class.path" value="E:\Java_now\SpringCloud-Labs\springboot-02-mybatis\target\test-classes;E:\Java_now\SpringCloud-Labs\springboot-02-mybatis\target\classes;D:\soft\apache-maven-3.9.7\maven_base\org\springframework\boot\spring-boot-starter-web\3.0.0\spring-boot-starter-web-3.0.0.jar;D:\soft\apache-maven-3.9.7\maven_base\org\springframework\boot\spring-boot-starter\3.0.0\spring-boot-starter-3.0.0.jar;D:\soft\apache-maven-3.9.7\maven_base\org\springframework\boot\spring-boot\3.0.0\spring-boot-3.0.0.jar;D:\soft\apache-maven-3.9.7\maven_base\org\springframework\boot\spring-boot-autoconfigure\3.0.0\spring-boot-autoconfigure-3.0.0.jar;D:\soft\apache-maven-3.9.7\maven_base\org\springframework\boot\spring-boot-starter-logging\3.0.0\spring-boot-starter-logging-3.0.0.jar;D:\soft\apache-maven-3.9.7\maven_base\ch\qos\logback\logback-classic\1.4.5\logback-classic-1.4.5.jar;D:\soft\apache-maven-3.9.7\maven_base\ch\qos\logback\logback-core\1.4.5\logback-core-1.4.5.jar;D:\soft\apache-maven-3.9.7\maven_base\org\apache\logging\log4j\log4j-to-slf4j\2.19.0\log4j-to-slf4j-2.19.0.jar;D:\soft\apache-maven-3.9.7\maven_base\org\apache\logging\log4j\log4j-api\2.19.0\log4j-api-2.19.0.jar;D:\soft\apache-maven-3.9.7\maven_base\org\slf4j\jul-to-slf4j\2.0.4\jul-to-slf4j-2.0.4.jar;D:\soft\apache-maven-3.9.7\maven_base\jakarta\annotation\jakarta.annotation-api\2.1.1\jakarta.annotation-api-2.1.1.jar;D:\soft\apache-maven-3.9.7\maven_base\org\yaml\snakeyaml\1.33\snakeyaml-1.33.jar;D:\soft\apache-maven-3.9.7\maven_base\org\springframework\boot\spring-boot-starter-json\3.0.0\spring-boot-starter-json-3.0.0.jar;D:\soft\apache-maven-3.9.7\maven_base\com\fasterxml\jackson\core\jackson-databind\2.14.1\jackson-databind-2.14.1.jar;D:\soft\apache-maven-3.9.7\maven_base\com\fasterxml\jackson\core\jackson-annotations\2.14.1\jackson-annotations-2.14.1.jar;D:\soft\apache-maven-3.9.7\maven_base\com\fasterxml\jackson\core\jackson-core\2.14.1\jackson-core-2.14.1.jar;D:\soft\apache-maven-3.9.7\maven_base\com\fasterxml\jackson\datatype\jackson-datatype-jdk8\2.14.1\jackson-datatype-jdk8-2.14.1.jar;D:\soft\apache-maven-3.9.7\maven_base\com\fasterxml\jackson\datatype\jackson-datatype-jsr310\2.14.1\jackson-datatype-jsr310-2.14.1.jar;D:\soft\apache-maven-3.9.7\maven_base\com\fasterxml\jackson\module\jackson-module-parameter-names\2.14.1\jackson-module-parameter-names-2.14.1.jar;D:\soft\apache-maven-3.9.7\maven_base\org\springframework\boot\spring-boot-starter-tomcat\3.0.0\spring-boot-starter-tomcat-3.0.0.jar;D:\soft\apache-maven-3.9.7\maven_base\org\apache\tomcat\embed\tomcat-embed-core\10.1.1\tomcat-embed-core-10.1.1.jar;D:\soft\apache-maven-3.9.7\maven_base\org\apache\tomcat\embed\tomcat-embed-el\10.1.1\tomcat-embed-el-10.1.1.jar;D:\soft\apache-maven-3.9.7\maven_base\org\apache\tomcat\embed\tomcat-embed-websocket\10.1.1\tomcat-embed-websocket-10.1.1.jar;D:\soft\apache-maven-3.9.7\maven_base\org\springframework\spring-web\6.0.2\spring-web-6.0.2.jar;D:\soft\apache-maven-3.9.7\maven_base\org\springframework\spring-beans\6.0.2\spring-beans-6.0.2.jar;D:\soft\apache-maven-3.9.7\maven_base\io\micrometer\micrometer-observation\1.10.2\micrometer-observation-1.10.2.jar;D:\soft\apache-maven-3.9.7\maven_base\io\micrometer\micrometer-commons\1.10.2\micrometer-commons-1.10.2.jar;D:\soft\apache-maven-3.9.7\maven_base\org\springframework\spring-webmvc\6.0.2\spring-webmvc-6.0.2.jar;D:\soft\apache-maven-3.9.7\maven_base\org\springframework\spring-aop\6.0.2\spring-aop-6.0.2.jar;D:\soft\apache-maven-3.9.7\maven_base\org\springframework\spring-context\6.0.2\spring-context-6.0.2.jar;D:\soft\apache-maven-3.9.7\maven_base\org\springframework\spring-expression\6.0.2\spring-expression-6.0.2.jar;D:\soft\apache-maven-3.9.7\maven_base\org\mybatis\spring\boot\mybatis-spring-boot-starter\3.0.0\mybatis-spring-boot-starter-3.0.0.jar;D:\soft\apache-maven-3.9.7\maven_base\org\springframework\boot\spring-boot-starter-jdbc\3.0.0\spring-boot-starter-jdbc-3.0.0.jar;D:\soft\apache-maven-3.9.7\maven_base\com\zaxxer\HikariCP\5.0.1\HikariCP-5.0.1.jar;D:\soft\apache-maven-3.9.7\maven_base\org\springframework\spring-jdbc\6.0.2\spring-jdbc-6.0.2.jar;D:\soft\apache-maven-3.9.7\maven_base\org\springframework\spring-tx\6.0.2\spring-tx-6.0.2.jar;D:\soft\apache-maven-3.9.7\maven_base\org\mybatis\spring\boot\mybatis-spring-boot-autoconfigure\3.0.0\mybatis-spring-boot-autoconfigure-3.0.0.jar;D:\soft\apache-maven-3.9.7\maven_base\org\mybatis\mybatis\3.5.11\mybatis-3.5.11.jar;D:\soft\apache-maven-3.9.7\maven_base\org\mybatis\mybatis-spring\3.0.0\mybatis-spring-3.0.0.jar;D:\soft\apache-maven-3.9.7\maven_base\mysql\mysql-connector-java\8.0.13\mysql-connector-java-8.0.13.jar;D:\soft\apache-maven-3.9.7\maven_base\org\springdoc\springdoc-openapi-starter-webmvc-ui\2.6.0\springdoc-openapi-starter-webmvc-ui-2.6.0.jar;D:\soft\apache-maven-3.9.7\maven_base\org\springdoc\springdoc-openapi-starter-webmvc-api\2.6.0\springdoc-openapi-starter-webmvc-api-2.6.0.jar;D:\soft\apache-maven-3.9.7\maven_base\org\springdoc\springdoc-openapi-starter-common\2.6.0\springdoc-openapi-starter-common-2.6.0.jar;D:\soft\apache-maven-3.9.7\maven_base\io\swagger\core\v3\swagger-core-jakarta\2.2.22\swagger-core-jakarta-2.2.22.jar;D:\soft\apache-maven-3.9.7\maven_base\org\apache\commons\commons-lang3\3.12.0\commons-lang3-3.12.0.jar;D:\soft\apache-maven-3.9.7\maven_base\io\swagger\core\v3\swagger-annotations-jakarta\2.2.22\swagger-annotations-jakarta-2.2.22.jar;D:\soft\apache-maven-3.9.7\maven_base\io\swagger\core\v3\swagger-models-jakarta\2.2.22\swagger-models-jakarta-2.2.22.jar;D:\soft\apache-maven-3.9.7\maven_base\jakarta\validation\jakarta.validation-api\3.0.2\jakarta.validation-api-3.0.2.jar;D:\soft\apache-maven-3.9.7\maven_base\com\fasterxml\jackson\dataformat\jackson-dataformat-yaml\2.14.1\jackson-dataformat-yaml-2.14.1.jar;D:\soft\apache-maven-3.9.7\maven_base\org\webjars\swagger-ui\5.17.14\swagger-ui-5.17.14.jar;D:\soft\apache-maven-3.9.7\maven_base\org\springframework\boot\spring-boot-starter-test\3.0.0\spring-boot-starter-test-3.0.0.jar;D:\soft\apache-maven-3.9.7\maven_base\org\springframework\boot\spring-boot-test\3.0.0\spring-boot-test-3.0.0.jar;D:\soft\apache-maven-3.9.7\maven_base\org\springframework\boot\spring-boot-test-autoconfigure\3.0.0\spring-boot-test-autoconfigure-3.0.0.jar;D:\soft\apache-maven-3.9.7\maven_base\com\jayway\jsonpath\json-path\2.7.0\json-path-2.7.0.jar;D:\soft\apache-maven-3.9.7\maven_base\net\minidev\json-smart\2.4.8\json-smart-2.4.8.jar;D:\soft\apache-maven-3.9.7\maven_base\net\minidev\accessors-smart\2.4.8\accessors-smart-2.4.8.jar;D:\soft\apache-maven-3.9.7\maven_base\org\ow2\asm\asm\9.1\asm-9.1.jar;D:\soft\apache-maven-3.9.7\maven_base\org\slf4j\slf4j-api\2.0.4\slf4j-api-2.0.4.jar;D:\soft\apache-maven-3.9.7\maven_base\jakarta\xml\bind\jakarta.xml.bind-api\4.0.0\jakarta.xml.bind-api-4.0.0.jar;D:\soft\apache-maven-3.9.7\maven_base\jakarta\activation\jakarta.activation-api\2.1.0\jakarta.activation-api-2.1.0.jar;D:\soft\apache-maven-3.9.7\maven_base\org\assertj\assertj-core\3.23.1\assertj-core-3.23.1.jar;D:\soft\apache-maven-3.9.7\maven_base\net\bytebuddy\byte-buddy\1.12.19\byte-buddy-1.12.19.jar;D:\soft\apache-maven-3.9.7\maven_base\org\hamcrest\hamcrest\2.2\hamcrest-2.2.jar;D:\soft\apache-maven-3.9.7\maven_base\org\junit\jupiter\junit-jupiter\5.9.1\junit-jupiter-5.9.1.jar;D:\soft\apache-maven-3.9.7\maven_base\org\junit\jupiter\junit-jupiter-api\5.9.1\junit-jupiter-api-5.9.1.jar;D:\soft\apache-maven-3.9.7\maven_base\org\junit\jupiter\junit-jupiter-params\5.9.1\junit-jupiter-params-5.9.1.jar;D:\soft\apache-maven-3.9.7\maven_base\org\junit\jupiter\junit-jupiter-engine\5.9.1\junit-jupiter-engine-5.9.1.jar;D:\soft\apache-maven-3.9.7\maven_base\org\mockito\mockito-core\4.8.1\mockito-core-4.8.1.jar;D:\soft\apache-maven-3.9.7\maven_base\net\bytebuddy\byte-buddy-agent\1.12.19\byte-buddy-agent-1.12.19.jar;D:\soft\apache-maven-3.9.7\maven_base\org\objenesis\objenesis\3.2\objenesis-3.2.jar;D:\soft\apache-maven-3.9.7\maven_base\org\mockito\mockito-junit-jupiter\4.8.1\mockito-junit-jupiter-4.8.1.jar;D:\soft\apache-maven-3.9.7\maven_base\org\skyscreamer\jsonassert\1.5.1\jsonassert-1.5.1.jar;D:\soft\apache-maven-3.9.7\maven_base\com\vaadin\external\google\android-json\0.0.20131108.vaadin1\android-json-0.0.20131108.vaadin1.jar;D:\soft\apache-maven-3.9.7\maven_base\org\springframework\spring-core\6.0.2\spring-core-6.0.2.jar;D:\soft\apache-maven-3.9.7\maven_base\org\springframework\spring-jcl\6.0.2\spring-jcl-6.0.2.jar;D:\soft\apache-maven-3.9.7\maven_base\org\springframework\spring-test\6.0.2\spring-test-6.0.2.jar;D:\soft\apache-maven-3.9.7\maven_base\org\xmlunit\xmlunit-core\2.9.0\xmlunit-core-2.9.0.jar;D:\soft\apache-maven-3.9.7\maven_base\org\junit\vintage\junit-vintage-engine\5.9.1\junit-vintage-engine-5.9.1.jar;D:\soft\apache-maven-3.9.7\maven_base\org\junit\platform\junit-platform-engine\1.9.1\junit-platform-engine-1.9.1.jar;D:\soft\apache-maven-3.9.7\maven_base\org\opentest4j\opentest4j\1.2.0\opentest4j-1.2.0.jar;D:\soft\apache-maven-3.9.7\maven_base\org\junit\platform\junit-platform-commons\1.9.1\junit-platform-commons-1.9.1.jar;D:\soft\apache-maven-3.9.7\maven_base\junit\junit\4.13.2\junit-4.13.2.jar;D:\soft\apache-maven-3.9.7\maven_base\org\hamcrest\hamcrest-core\2.2\hamcrest-core-2.2.jar;D:\soft\apache-maven-3.9.7\maven_base\org\apiguardian\apiguardian-api\1.1.2\apiguardian-api-1.1.2.jar;"/>
    <property name="java.vm.vendor" value="Oracle Corporation"/>
    <property name="sun.arch.data.model" value="64"/>
    <property name="user.variant" value=""/>
    <property name="java.vendor.url" value="https://java.oracle.com/"/>
    <property name="user.timezone" value="Asia/Shanghai"/>
    <property name="os.name" value="Windows 11"/>
    <property name="java.vm.specification.version" value="17"/>
    <property name="sun.java.launcher" value="SUN_STANDARD"/>
    <property name="user.country" value="CN"/>
    <property name="sun.boot.library.path" value="D:\soft\jdk-17.0.11\jre\bin"/>
    <property name="sun.java.command" value="C:\Users\kee\AppData\Local\Temp\surefire11577320520389813903\surefirebooter11805441150197541172.jar C:\Users\kee\AppData\Local\Temp\surefire11577320520389813903 2025-05-21T23-28-24_843-jvmRun1 surefire17849346132446480319tmp surefire_0189385387184215894tmp"/>
    <property name="jdk.debug" value="release"/>
    <property name="surefire.test.class.path" value="E:\Java_now\SpringCloud-Labs\springboot-02-mybatis\target\test-classes;E:\Java_now\SpringCloud-Labs\springboot-02-mybatis\target\classes;D:\soft\apache-maven-3.9.7\maven_base\org\springframework\boot\spring-boot-starter-web\3.0.0\spring-boot-starter-web-3.0.0.jar;D:\soft\apache-maven-3.9.7\maven_base\org\springframework\boot\spring-boot-starter\3.0.0\spring-boot-starter-3.0.0.jar;D:\soft\apache-maven-3.9.7\maven_base\org\springframework\boot\spring-boot\3.0.0\spring-boot-3.0.0.jar;D:\soft\apache-maven-3.9.7\maven_base\org\springframework\boot\spring-boot-autoconfigure\3.0.0\spring-boot-autoconfigure-3.0.0.jar;D:\soft\apache-maven-3.9.7\maven_base\org\springframework\boot\spring-boot-starter-logging\3.0.0\spring-boot-starter-logging-3.0.0.jar;D:\soft\apache-maven-3.9.7\maven_base\ch\qos\logback\logback-classic\1.4.5\logback-classic-1.4.5.jar;D:\soft\apache-maven-3.9.7\maven_base\ch\qos\logback\logback-core\1.4.5\logback-core-1.4.5.jar;D:\soft\apache-maven-3.9.7\maven_base\org\apache\logging\log4j\log4j-to-slf4j\2.19.0\log4j-to-slf4j-2.19.0.jar;D:\soft\apache-maven-3.9.7\maven_base\org\apache\logging\log4j\log4j-api\2.19.0\log4j-api-2.19.0.jar;D:\soft\apache-maven-3.9.7\maven_base\org\slf4j\jul-to-slf4j\2.0.4\jul-to-slf4j-2.0.4.jar;D:\soft\apache-maven-3.9.7\maven_base\jakarta\annotation\jakarta.annotation-api\2.1.1\jakarta.annotation-api-2.1.1.jar;D:\soft\apache-maven-3.9.7\maven_base\org\yaml\snakeyaml\1.33\snakeyaml-1.33.jar;D:\soft\apache-maven-3.9.7\maven_base\org\springframework\boot\spring-boot-starter-json\3.0.0\spring-boot-starter-json-3.0.0.jar;D:\soft\apache-maven-3.9.7\maven_base\com\fasterxml\jackson\core\jackson-databind\2.14.1\jackson-databind-2.14.1.jar;D:\soft\apache-maven-3.9.7\maven_base\com\fasterxml\jackson\core\jackson-annotations\2.14.1\jackson-annotations-2.14.1.jar;D:\soft\apache-maven-3.9.7\maven_base\com\fasterxml\jackson\core\jackson-core\2.14.1\jackson-core-2.14.1.jar;D:\soft\apache-maven-3.9.7\maven_base\com\fasterxml\jackson\datatype\jackson-datatype-jdk8\2.14.1\jackson-datatype-jdk8-2.14.1.jar;D:\soft\apache-maven-3.9.7\maven_base\com\fasterxml\jackson\datatype\jackson-datatype-jsr310\2.14.1\jackson-datatype-jsr310-2.14.1.jar;D:\soft\apache-maven-3.9.7\maven_base\com\fasterxml\jackson\module\jackson-module-parameter-names\2.14.1\jackson-module-parameter-names-2.14.1.jar;D:\soft\apache-maven-3.9.7\maven_base\org\springframework\boot\spring-boot-starter-tomcat\3.0.0\spring-boot-starter-tomcat-3.0.0.jar;D:\soft\apache-maven-3.9.7\maven_base\org\apache\tomcat\embed\tomcat-embed-core\10.1.1\tomcat-embed-core-10.1.1.jar;D:\soft\apache-maven-3.9.7\maven_base\org\apache\tomcat\embed\tomcat-embed-el\10.1.1\tomcat-embed-el-10.1.1.jar;D:\soft\apache-maven-3.9.7\maven_base\org\apache\tomcat\embed\tomcat-embed-websocket\10.1.1\tomcat-embed-websocket-10.1.1.jar;D:\soft\apache-maven-3.9.7\maven_base\org\springframework\spring-web\6.0.2\spring-web-6.0.2.jar;D:\soft\apache-maven-3.9.7\maven_base\org\springframework\spring-beans\6.0.2\spring-beans-6.0.2.jar;D:\soft\apache-maven-3.9.7\maven_base\io\micrometer\micrometer-observation\1.10.2\micrometer-observation-1.10.2.jar;D:\soft\apache-maven-3.9.7\maven_base\io\micrometer\micrometer-commons\1.10.2\micrometer-commons-1.10.2.jar;D:\soft\apache-maven-3.9.7\maven_base\org\springframework\spring-webmvc\6.0.2\spring-webmvc-6.0.2.jar;D:\soft\apache-maven-3.9.7\maven_base\org\springframework\spring-aop\6.0.2\spring-aop-6.0.2.jar;D:\soft\apache-maven-3.9.7\maven_base\org\springframework\spring-context\6.0.2\spring-context-6.0.2.jar;D:\soft\apache-maven-3.9.7\maven_base\org\springframework\spring-expression\6.0.2\spring-expression-6.0.2.jar;D:\soft\apache-maven-3.9.7\maven_base\org\mybatis\spring\boot\mybatis-spring-boot-starter\3.0.0\mybatis-spring-boot-starter-3.0.0.jar;D:\soft\apache-maven-3.9.7\maven_base\org\springframework\boot\spring-boot-starter-jdbc\3.0.0\spring-boot-starter-jdbc-3.0.0.jar;D:\soft\apache-maven-3.9.7\maven_base\com\zaxxer\HikariCP\5.0.1\HikariCP-5.0.1.jar;D:\soft\apache-maven-3.9.7\maven_base\org\springframework\spring-jdbc\6.0.2\spring-jdbc-6.0.2.jar;D:\soft\apache-maven-3.9.7\maven_base\org\springframework\spring-tx\6.0.2\spring-tx-6.0.2.jar;D:\soft\apache-maven-3.9.7\maven_base\org\mybatis\spring\boot\mybatis-spring-boot-autoconfigure\3.0.0\mybatis-spring-boot-autoconfigure-3.0.0.jar;D:\soft\apache-maven-3.9.7\maven_base\org\mybatis\mybatis\3.5.11\mybatis-3.5.11.jar;D:\soft\apache-maven-3.9.7\maven_base\org\mybatis\mybatis-spring\3.0.0\mybatis-spring-3.0.0.jar;D:\soft\apache-maven-3.9.7\maven_base\mysql\mysql-connector-java\8.0.13\mysql-connector-java-8.0.13.jar;D:\soft\apache-maven-3.9.7\maven_base\org\springdoc\springdoc-openapi-starter-webmvc-ui\2.6.0\springdoc-openapi-starter-webmvc-ui-2.6.0.jar;D:\soft\apache-maven-3.9.7\maven_base\org\springdoc\springdoc-openapi-starter-webmvc-api\2.6.0\springdoc-openapi-starter-webmvc-api-2.6.0.jar;D:\soft\apache-maven-3.9.7\maven_base\org\springdoc\springdoc-openapi-starter-common\2.6.0\springdoc-openapi-starter-common-2.6.0.jar;D:\soft\apache-maven-3.9.7\maven_base\io\swagger\core\v3\swagger-core-jakarta\2.2.22\swagger-core-jakarta-2.2.22.jar;D:\soft\apache-maven-3.9.7\maven_base\org\apache\commons\commons-lang3\3.12.0\commons-lang3-3.12.0.jar;D:\soft\apache-maven-3.9.7\maven_base\io\swagger\core\v3\swagger-annotations-jakarta\2.2.22\swagger-annotations-jakarta-2.2.22.jar;D:\soft\apache-maven-3.9.7\maven_base\io\swagger\core\v3\swagger-models-jakarta\2.2.22\swagger-models-jakarta-2.2.22.jar;D:\soft\apache-maven-3.9.7\maven_base\jakarta\validation\jakarta.validation-api\3.0.2\jakarta.validation-api-3.0.2.jar;D:\soft\apache-maven-3.9.7\maven_base\com\fasterxml\jackson\dataformat\jackson-dataformat-yaml\2.14.1\jackson-dataformat-yaml-2.14.1.jar;D:\soft\apache-maven-3.9.7\maven_base\org\webjars\swagger-ui\5.17.14\swagger-ui-5.17.14.jar;D:\soft\apache-maven-3.9.7\maven_base\org\springframework\boot\spring-boot-starter-test\3.0.0\spring-boot-starter-test-3.0.0.jar;D:\soft\apache-maven-3.9.7\maven_base\org\springframework\boot\spring-boot-test\3.0.0\spring-boot-test-3.0.0.jar;D:\soft\apache-maven-3.9.7\maven_base\org\springframework\boot\spring-boot-test-autoconfigure\3.0.0\spring-boot-test-autoconfigure-3.0.0.jar;D:\soft\apache-maven-3.9.7\maven_base\com\jayway\jsonpath\json-path\2.7.0\json-path-2.7.0.jar;D:\soft\apache-maven-3.9.7\maven_base\net\minidev\json-smart\2.4.8\json-smart-2.4.8.jar;D:\soft\apache-maven-3.9.7\maven_base\net\minidev\accessors-smart\2.4.8\accessors-smart-2.4.8.jar;D:\soft\apache-maven-3.9.7\maven_base\org\ow2\asm\asm\9.1\asm-9.1.jar;D:\soft\apache-maven-3.9.7\maven_base\org\slf4j\slf4j-api\2.0.4\slf4j-api-2.0.4.jar;D:\soft\apache-maven-3.9.7\maven_base\jakarta\xml\bind\jakarta.xml.bind-api\4.0.0\jakarta.xml.bind-api-4.0.0.jar;D:\soft\apache-maven-3.9.7\maven_base\jakarta\activation\jakarta.activation-api\2.1.0\jakarta.activation-api-2.1.0.jar;D:\soft\apache-maven-3.9.7\maven_base\org\assertj\assertj-core\3.23.1\assertj-core-3.23.1.jar;D:\soft\apache-maven-3.9.7\maven_base\net\bytebuddy\byte-buddy\1.12.19\byte-buddy-1.12.19.jar;D:\soft\apache-maven-3.9.7\maven_base\org\hamcrest\hamcrest\2.2\hamcrest-2.2.jar;D:\soft\apache-maven-3.9.7\maven_base\org\junit\jupiter\junit-jupiter\5.9.1\junit-jupiter-5.9.1.jar;D:\soft\apache-maven-3.9.7\maven_base\org\junit\jupiter\junit-jupiter-api\5.9.1\junit-jupiter-api-5.9.1.jar;D:\soft\apache-maven-3.9.7\maven_base\org\junit\jupiter\junit-jupiter-params\5.9.1\junit-jupiter-params-5.9.1.jar;D:\soft\apache-maven-3.9.7\maven_base\org\junit\jupiter\junit-jupiter-engine\5.9.1\junit-jupiter-engine-5.9.1.jar;D:\soft\apache-maven-3.9.7\maven_base\org\mockito\mockito-core\4.8.1\mockito-core-4.8.1.jar;D:\soft\apache-maven-3.9.7\maven_base\net\bytebuddy\byte-buddy-agent\1.12.19\byte-buddy-agent-1.12.19.jar;D:\soft\apache-maven-3.9.7\maven_base\org\objenesis\objenesis\3.2\objenesis-3.2.jar;D:\soft\apache-maven-3.9.7\maven_base\org\mockito\mockito-junit-jupiter\4.8.1\mockito-junit-jupiter-4.8.1.jar;D:\soft\apache-maven-3.9.7\maven_base\org\skyscreamer\jsonassert\1.5.1\jsonassert-1.5.1.jar;D:\soft\apache-maven-3.9.7\maven_base\com\vaadin\external\google\android-json\0.0.20131108.vaadin1\android-json-0.0.20131108.vaadin1.jar;D:\soft\apache-maven-3.9.7\maven_base\org\springframework\spring-core\6.0.2\spring-core-6.0.2.jar;D:\soft\apache-maven-3.9.7\maven_base\org\springframework\spring-jcl\6.0.2\spring-jcl-6.0.2.jar;D:\soft\apache-maven-3.9.7\maven_base\org\springframework\spring-test\6.0.2\spring-test-6.0.2.jar;D:\soft\apache-maven-3.9.7\maven_base\org\xmlunit\xmlunit-core\2.9.0\xmlunit-core-2.9.0.jar;D:\soft\apache-maven-3.9.7\maven_base\org\junit\vintage\junit-vintage-engine\5.9.1\junit-vintage-engine-5.9.1.jar;D:\soft\apache-maven-3.9.7\maven_base\org\junit\platform\junit-platform-engine\1.9.1\junit-platform-engine-1.9.1.jar;D:\soft\apache-maven-3.9.7\maven_base\org\opentest4j\opentest4j\1.2.0\opentest4j-1.2.0.jar;D:\soft\apache-maven-3.9.7\maven_base\org\junit\platform\junit-platform-commons\1.9.1\junit-platform-commons-1.9.1.jar;D:\soft\apache-maven-3.9.7\maven_base\junit\junit\4.13.2\junit-4.13.2.jar;D:\soft\apache-maven-3.9.7\maven_base\org\hamcrest\hamcrest-core\2.2\hamcrest-core-2.2.jar;D:\soft\apache-maven-3.9.7\maven_base\org\apiguardian\apiguardian-api\1.1.2\apiguardian-api-1.1.2.jar;"/>
    <property name="sun.cpu.endian" value="little"/>
    <property name="user.home" value="C:\Users\kee"/>
    <property name="user.language" value="zh"/>
    <property name="java.specification.vendor" value="Oracle Corporation"/>
    <property name="java.version.date" value="2024-04-16"/>
    <property name="java.home" value="D:\soft\jdk-17.0.11\jre"/>
    <property name="file.separator" value="\"/>
    <property name="basedir" value="E:\Java_now\SpringCloud-Labs\springboot-02-mybatis"/>
    <property name="java.vm.compressedOopsMode" value="Zero based"/>
    <property name="line.separator" value="&#10;"/>
    <property name="java.vm.specification.vendor" value="Oracle Corporation"/>
    <property name="java.specification.name" value="Java Platform API Specification"/>
    <property name="surefire.real.class.path" value="C:\Users\kee\AppData\Local\Temp\surefire11577320520389813903\surefirebooter11805441150197541172.jar"/>
    <property name="user.script" value=""/>
    <property name="sun.management.compiler" value="HotSpot 64-Bit Tiered Compilers"/>
    <property name="java.runtime.version" value="17.0.11+7-LTS-207"/>
    <property name="user.name" value="kee"/>
    <property name="path.separator" value=";"/>
    <property name="os.version" value="10.0"/>
    <property name="java.runtime.name" value="Java(TM) SE Runtime Environment"/>
    <property name="file.encoding" value="GBK"/>
    <property name="java.vm.name" value="Java HotSpot(TM) 64-Bit Server VM"/>
    <property name="localRepository" value="D:\soft\apache-maven-3.9.7\maven_base"/>
    <property name="java.vendor.url.bug" value="https://bugreport.java.com/bugreport/"/>
    <property name="java.io.tmpdir" value="C:\Users\kee\AppData\Local\Temp\"/>
    <property name="idea.version" value="2024.1.3"/>
    <property name="java.version" value="17.0.11"/>
    <property name="user.dir" value="E:\Java_now\SpringCloud-Labs\springboot-02-mybatis"/>
    <property name="os.arch" value="amd64"/>
    <property name="java.vm.specification.name" value="Java Virtual Machine Specification"/>
    <property name="sun.os.patch.level" value=""/>
    <property name="native.encoding" value="GBK"/>
    <property name="java.library.path" value="D:\soft\jdk-17.0.11\jre\bin;C:\Windows\Sun\Java\bin;C:\Windows\system32;C:\Windows;D:\soft\nginx-1.27.0;D:\Python\Python310\;D:\Python\Python310\Scripts;D:\soft\jdk1.8\bin;D:\soft\jdk1.8\jre\bin;C:\Windows\system32;C:\Windows;C:\Windows\System32\Wbem;C:\Windows\System32\WindowsPowerShell\v1.0\;C:\Windows\System32\OpenSSH\;C:\Program Files\Microsoft SQL Server\Client SDK\ODBC\170\Tools\Binn\;C:\Program Files\Microsoft SQL Server\150\Tools\Binn\;C:\Program Files\dotnet\;D:\php-8.3.8-nts-Win32-vs16-x64\;D:\Program Files\MySQL\MySQL Server 8.4\bin\;d:\Program Files\Git\cmd;D:\soft\apache-maven-3.9.7\bin;D:\Program Files (x86)\Microsoft SQL Server\100\Tools\Binn\;D:\Program Files (x86)\Microsoft SQL Server\100\DTS\Binn\;D:\Program Files (x86)\Microsoft SQL Server\100\Tools\Binn\VSShell\Common7\IDE\;C:\Program Files (x86)\Microsoft Visual Studio 9.0\Common7\IDE\PrivateAssemblies\;D:\soft\nvm;D:\soft\nvm\nodejs;D:\soft\nvm\nodejs\node_global;D:\Windows Kits\10\Windows Performance Toolkit\;D:\soft\Redis-x64-3.0.504\;D:\soft\Redis-x64-3.2.100\;D:\soft\go1.22.4.windows-amd64\bin;d:\TDM-GCC-64\bin;C:\Program Files\Docker\Docker\resources\bin;E:\Android-Sdk\\platform-tools;E:\Android-Sdk\\emulator;E:\Android-Sdk\\tools;E:\Android-Sdk\\tools\bin;E:\Gradle\gradle-8.6\bin;d:\Program Files\Erlang OTP\bin;D:\Program Files\RabbitMQ Server\rabbitmq_server-3.13.3\sbin;D:\soft\apache-zookeeper-3.9.2-bin\bin;D:\soft\kafka_2.13-3.7.0\bin;D:\soft\mongodb-win32-x86_64-windows-7.0.11\bin;D:\soft\elasticsearch-8.14.1\bin;D:\soft\kibana-8.14.1\bin;D:\soft\apache-jmeter-5.6.3\bin;D:\soft\consul_1.19.1_windows_amd64;C:\Users\kee\.pyenv\pyenv-win\bin;C:\Users\kee\.pyenv\pyenv-win\shims;C:\Users\kee\AppData\Local\Microsoft\WindowsApps;C:\Users\kee\.dotnet\tools;C:\Users\kee\.dotnet\tools;."/>
    <property name="java.vm.info" value="mixed mode"/>
    <property name="java.vendor" value="Oracle Corporation"/>
    <property name="java.vm.version" value="17.0.11+7-LTS-207"/>
    <property name="sun.io.unicode.encoding" value="UnicodeLittle"/>
    <property name="maven.repo.local" value="D:\soft\apache-maven-3.9.7\maven_base"/>
    <property name="java.class.version" value="61.0"/>
  </properties>
  <testcase name="testUpdateById" classname="com.keeplearning.springboot02mybatis.mapper.UserMapperTest" time="0.092"/>
  <testcase name="testSelectByIds" classname="com.keeplearning.springboot02mybatis.mapper.UserMapperTest" time="0.016"/>
  <testcase name="testDeleteById" classname="com.keeplearning.springboot02mybatis.mapper.UserMapperTest" time="0.011"/>
  <testcase name="testInsert" classname="com.keeplearning.springboot02mybatis.mapper.UserMapperTest" time="0.029"/>
  <testcase name="testSelectByUsername" classname="com.keeplearning.springboot02mybatis.mapper.UserMapperTest" time="0.009"/>
  <testcase name="testSelectById" classname="com.keeplearning.springboot02mybatis.mapper.UserMapperTest" time="0.01"/>
</testsuite>